build/app/intermediates/manifest_merge_blame_file/debug/manifest-merger-blame-debug-report.txt
1<?xml version="1.0" encoding="utf-8"?>
2<manifest xmlns:android="http://schemas.android.com/apk/res/android"
3    package="com.example.beacon_futter"
4    android:versionCode="1"
5    android:versionName="1.0.0" >
6
7    <uses-sdk
8        android:minSdkVersion="16"
9        android:targetSdkVersion="30" />
10    <!--
11         Flutter needs it to communicate with the running application
12         to allow setting breakpoints, to provide hot reload, etc.
13    -->
14    <uses-permission android:name="android.permission.INTERNET" />
14-->src\debug\AndroidManifest.xml:6:5-66
14-->src\debug\AndroidManifest.xml:6:22-64
15    <uses-permission android:name="android.permission.ACCESS_FINE_LOCATION" />
15-->src\main\AndroidManifest.xml:3:5-79
15-->src\main\AndroidManifest.xml:3:22-76
16    <uses-permission android:name="android.permission.ACCESS_COARSE_LOCATION" /> <!-- Although the *SdkVersion is captured in gradle build files, this is required for non gradle builds -->
16-->[:location] AndroidManifest.xml:7:5-81
16-->[:location] AndroidManifest.xml:7:22-78
17    <!-- <uses-sdk android:minSdkVersion="14" /> -->
18    <uses-permission android:name="android.permission.ACCESS_NETWORK_STATE" />
18-->[com.google.firebase:firebase-firestore:22.1.2] AndroidManifest.xml:13:5-79
18-->[com.google.firebase:firebase-firestore:22.1.2] AndroidManifest.xml:13:22-76
19    <uses-permission android:name="android.permission.WAKE_LOCK" />
19-->[com.google.android.gms:play-services-measurement-api:18.0.2] AndroidManifest.xml:24:5-68
19-->[com.google.android.gms:play-services-measurement-api:18.0.2] AndroidManifest.xml:24:22-65
20
21    <uses-feature
21-->[com.google.android.gms:play-services-maps:17.0.0] AndroidManifest.xml:26:5-28:35
22        android:glEsVersion="0x00020000"
22-->[com.google.android.gms:play-services-maps:17.0.0] AndroidManifest.xml:27:9-41
23        android:required="true" />
23-->[com.google.android.gms:play-services-maps:17.0.0] AndroidManifest.xml:28:9-32
24
25    <uses-permission android:name="com.google.android.finsky.permission.BIND_GET_INSTALL_REFERRER_SERVICE" />
25-->[com.google.android.gms:play-services-measurement:18.0.2] AndroidManifest.xml:26:5-110
25-->[com.google.android.gms:play-services-measurement:18.0.2] AndroidManifest.xml:26:22-107
26
27    <application
27-->src\main\AndroidManifest.xml:4:5-46:19
28        android:name="androidx.multidex.MultiDexApplication"
28-->src\main\AndroidManifest.xml:7:9-61
29        android:appComponentFactory="androidx.core.app.CoreComponentFactory"
29-->[androidx.core:core:1.3.2] AndroidManifest.xml:24:18-86
30        android:debuggable="true"
31        android:icon="@mipmap/ic_launcher"
31-->src\main\AndroidManifest.xml:6:9-43
32        android:label="beacon_futter" >
32-->src\main\AndroidManifest.xml:5:9-38
33        <activity
33-->src\main\AndroidManifest.xml:8:9-37:20
34            android:name="com.example.beacon_futter.MainActivity"
34-->src\main\AndroidManifest.xml:9:13-41
35            android:configChanges="orientation|keyboardHidden|keyboard|screenSize|smallestScreenSize|locale|layoutDirection|fontScale|screenLayout|density|uiMode"
35-->src\main\AndroidManifest.xml:12:13-163
36            android:hardwareAccelerated="true"
36-->src\main\AndroidManifest.xml:13:13-47
37            android:launchMode="singleTop"
37-->src\main\AndroidManifest.xml:10:13-43
38            android:theme="@style/LaunchTheme"
38-->src\main\AndroidManifest.xml:11:13-47
39            android:windowSoftInputMode="adjustResize" >
39-->src\main\AndroidManifest.xml:14:13-55
40
41            <!--
42                 Specifies an Android theme to apply to this Activity as soon as
43                 the Android process has started. This theme is visible to the user
44                 while the Flutter UI initializes. After that, this theme continues
45                 to determine the Window background behind the Flutter UI.
46            -->
47            <meta-data
47-->src\main\AndroidManifest.xml:20:13-23:17
48                android:name="io.flutter.embedding.android.NormalTheme"
48-->src\main\AndroidManifest.xml:21:15-70
49                android:resource="@style/NormalTheme" />
49-->src\main\AndroidManifest.xml:22:15-52
50            <!--
51                 Displays an Android View that continues showing the launch screen
52                 Drawable until Flutter paints its first frame, then this splash
53                 screen fades out. A splash screen is useful to avoid any visual
54                 gap between the end of Android's launch screen and the painting of
55                 Flutter's first frame.
56            -->
57            <meta-data
57-->src\main\AndroidManifest.xml:29:13-32:17
58                android:name="io.flutter.embedding.android.SplashScreenDrawable"
58-->src\main\AndroidManifest.xml:30:15-79
59                android:resource="@drawable/launch_background" />
59-->src\main\AndroidManifest.xml:31:15-61
60
61            <intent-filter>
61-->src\main\AndroidManifest.xml:33:13-36:29
62                <action android:name="android.intent.action.MAIN" />
62-->src\main\AndroidManifest.xml:34:17-68
62-->src\main\AndroidManifest.xml:34:25-66
63
64                <category android:name="android.intent.category.LAUNCHER" />
64-->src\main\AndroidManifest.xml:35:17-76
64-->src\main\AndroidManifest.xml:35:27-74
65            </intent-filter>
66        </activity>
67        <!--
68             Don't delete the meta-data below.
69             This is used by the Flutter tool to generate GeneratedPluginRegistrant.java
70        -->
71        <meta-data
71-->src\main\AndroidManifest.xml:40:9-42:33
72            android:name="flutterEmbedding"
72-->src\main\AndroidManifest.xml:41:13-44
73            android:value="2" />
73-->src\main\AndroidManifest.xml:42:13-30
74        <meta-data
74-->src\main\AndroidManifest.xml:43:9-45:18
75            android:name="com.google.android.geo.API_KEY"
75-->src\main\AndroidManifest.xml:43:20-65
76            android:value="AIzaSyDYBjCfTd8MpYae1SlWKf4XuetrpYRmaGI" />
76-->src\main\AndroidManifest.xml:44:16-71
77
78        <service
78-->[:location] AndroidManifest.xml:11:9-15:56
79            android:name="com.lyokone.location.FlutterLocationService"
79-->[:location] AndroidManifest.xml:12:13-71
80            android:enabled="true"
80-->[:location] AndroidManifest.xml:13:13-35
81            android:exported="false"
81-->[:location] AndroidManifest.xml:14:13-37
82            android:foregroundServiceType="location" />
82-->[:location] AndroidManifest.xml:15:13-53
83        <service
83-->[:firebase_database] AndroidManifest.xml:8:9-12:19
84            android:name="com.google.firebase.components.ComponentDiscoveryService"
84-->[:firebase_database] AndroidManifest.xml:8:18-89
85            android:directBootAware="true"
85-->[com.google.firebase:firebase-common:19.5.0] AndroidManifest.xml:35:13-43
86            android:exported="false" >
86-->[com.google.firebase:firebase-firestore:22.1.2] AndroidManifest.xml:19:13-37
87            <meta-data
87-->[:firebase_database] AndroidManifest.xml:9:13-11:85
88                android:name="com.google.firebase.components:io.flutter.plugins.firebase.database.FlutterFirebaseAppRegistrar"
88-->[:firebase_database] AndroidManifest.xml:10:17-127
89                android:value="com.google.firebase.components.ComponentRegistrar" />
89-->[:firebase_database] AndroidManifest.xml:11:17-82
90            <meta-data
90-->[:cloud_firestore] AndroidManifest.xml:9:13-11:85
91                android:name="com.google.firebase.components:io.flutter.plugins.firebase.firestore.FlutterFirebaseFirestoreRegistrar"
91-->[:cloud_firestore] AndroidManifest.xml:10:17-134
92                android:value="com.google.firebase.components.ComponentRegistrar" />
92-->[:cloud_firestore] AndroidManifest.xml:11:17-82
93            <meta-data
93-->[:firebase_core] AndroidManifest.xml:9:13-11:85
94                android:name="com.google.firebase.components:io.flutter.plugins.firebase.core.FlutterFirebaseCoreRegistrar"
94-->[:firebase_core] AndroidManifest.xml:10:17-124
95                android:value="com.google.firebase.components.ComponentRegistrar" />
95-->[:firebase_core] AndroidManifest.xml:11:17-82
96            <meta-data
96-->[com.google.firebase:firebase-firestore:22.1.2] AndroidManifest.xml:20:13-22:85
97                android:name="com.google.firebase.components:com.google.firebase.firestore.FirestoreRegistrar"
97-->[com.google.firebase:firebase-firestore:22.1.2] AndroidManifest.xml:21:17-111
98                android:value="com.google.firebase.components.ComponentRegistrar" />
98-->[com.google.firebase:firebase-firestore:22.1.2] AndroidManifest.xml:22:17-82
99            <meta-data
99-->[com.google.firebase:firebase-database:19.7.0] AndroidManifest.xml:32:13-34:85
100                android:name="com.google.firebase.components:com.google.firebase.database.DatabaseRegistrar"
100-->[com.google.firebase:firebase-database:19.7.0] AndroidManifest.xml:33:17-109
101                android:value="com.google.firebase.components.ComponentRegistrar" />
101-->[com.google.firebase:firebase-database:19.7.0] AndroidManifest.xml:34:17-82
102            <meta-data
102-->[com.google.android.gms:play-services-measurement-api:18.0.2] AndroidManifest.xml:30:13-32:85
103                android:name="com.google.firebase.components:com.google.firebase.analytics.connector.internal.AnalyticsConnectorRegistrar"
103-->[com.google.android.gms:play-services-measurement-api:18.0.2] AndroidManifest.xml:31:17-139
104                android:value="com.google.firebase.components.ComponentRegistrar" />
104-->[com.google.android.gms:play-services-measurement-api:18.0.2] AndroidManifest.xml:32:17-82
105            <meta-data
105-->[com.google.firebase:firebase-installations:16.3.5] AndroidManifest.xml:18:13-20:85
106                android:name="com.google.firebase.components:com.google.firebase.installations.FirebaseInstallationsRegistrar"
106-->[com.google.firebase:firebase-installations:16.3.5] AndroidManifest.xml:19:17-127
107                android:value="com.google.firebase.components.ComponentRegistrar" />
107-->[com.google.firebase:firebase-installations:16.3.5] AndroidManifest.xml:20:17-82
108            <!--
109                This registrar is not defined in the dynamic-module-support sdk itself to allow non-firebase
110                clients to use it as well, by defining this registrar in their own core/common library.
111            -->
112            <meta-data
112-->[com.google.firebase:firebase-common:19.5.0] AndroidManifest.xml:43:13-45:85
113                android:name="com.google.firebase.components:com.google.firebase.dynamicloading.DynamicLoadingRegistrar"
113-->[com.google.firebase:firebase-common:19.5.0] AndroidManifest.xml:44:17-121
114                android:value="com.google.firebase.components.ComponentRegistrar" />
114-->[com.google.firebase:firebase-common:19.5.0] AndroidManifest.xml:45:17-82
115        </service>
116
117        <provider
117-->[com.google.firebase:firebase-common:19.5.0] AndroidManifest.xml:26:9-31:39
118            android:name="com.google.firebase.provider.FirebaseInitProvider"
118-->[com.google.firebase:firebase-common:19.5.0] AndroidManifest.xml:27:13-77
119            android:authorities="com.example.beacon_futter.firebaseinitprovider"
119-->[com.google.firebase:firebase-common:19.5.0] AndroidManifest.xml:28:13-72
120            android:directBootAware="true"
120-->[com.google.firebase:firebase-common:19.5.0] AndroidManifest.xml:29:13-43
121            android:exported="false"
121-->[com.google.firebase:firebase-common:19.5.0] AndroidManifest.xml:30:13-37
122            android:initOrder="100" /> <!-- Needs to be explicitly declared on P+ -->
122-->[com.google.firebase:firebase-common:19.5.0] AndroidManifest.xml:31:13-36
123        <uses-library
123-->[com.google.android.gms:play-services-maps:17.0.0] AndroidManifest.xml:33:9-35:40
124            android:name="org.apache.http.legacy"
124-->[com.google.android.gms:play-services-maps:17.0.0] AndroidManifest.xml:34:13-50
125            android:required="false" />
125-->[com.google.android.gms:play-services-maps:17.0.0] AndroidManifest.xml:35:13-37
126
127        <activity
127-->[com.google.android.gms:play-services-base:17.0.0] AndroidManifest.xml:23:9-26:75
128            android:name="com.google.android.gms.common.api.GoogleApiActivity"
128-->[com.google.android.gms:play-services-base:17.0.0] AndroidManifest.xml:24:13-79
129            android:exported="false"
129-->[com.google.android.gms:play-services-base:17.0.0] AndroidManifest.xml:25:13-37
130            android:theme="@android:style/Theme.Translucent.NoTitleBar" />
130-->[com.google.android.gms:play-services-base:17.0.0] AndroidManifest.xml:26:13-72
131
132        <receiver
132-->[com.google.android.gms:play-services-measurement:18.0.2] AndroidManifest.xml:29:9-33:20
133            android:name="com.google.android.gms.measurement.AppMeasurementReceiver"
133-->[com.google.android.gms:play-services-measurement:18.0.2] AndroidManifest.xml:30:13-85
134            android:enabled="true"
134-->[com.google.android.gms:play-services-measurement:18.0.2] AndroidManifest.xml:31:13-35
135            android:exported="false" >
135-->[com.google.android.gms:play-services-measurement:18.0.2] AndroidManifest.xml:32:13-37
136        </receiver>
137
138        <service
138-->[com.google.android.gms:play-services-measurement:18.0.2] AndroidManifest.xml:35:9-38:40
139            android:name="com.google.android.gms.measurement.AppMeasurementService"
139-->[com.google.android.gms:play-services-measurement:18.0.2] AndroidManifest.xml:36:13-84
140            android:enabled="true"
140-->[com.google.android.gms:play-services-measurement:18.0.2] AndroidManifest.xml:37:13-35
141            android:exported="false" />
141-->[com.google.android.gms:play-services-measurement:18.0.2] AndroidManifest.xml:38:13-37
142        <service
142-->[com.google.android.gms:play-services-measurement:18.0.2] AndroidManifest.xml:39:9-43:72
143            android:name="com.google.android.gms.measurement.AppMeasurementJobService"
143-->[com.google.android.gms:play-services-measurement:18.0.2] AndroidManifest.xml:40:13-87
144            android:enabled="true"
144-->[com.google.android.gms:play-services-measurement:18.0.2] AndroidManifest.xml:41:13-35
145            android:exported="false"
145-->[com.google.android.gms:play-services-measurement:18.0.2] AndroidManifest.xml:42:13-37
146            android:permission="android.permission.BIND_JOB_SERVICE" />
146-->[com.google.android.gms:play-services-measurement:18.0.2] AndroidManifest.xml:43:13-69
147
148        <meta-data
148-->[com.google.android.gms:play-services-basement:17.0.0] AndroidManifest.xml:23:9-25:69
149            android:name="com.google.android.gms.version"
149-->[com.google.android.gms:play-services-basement:17.0.0] AndroidManifest.xml:24:13-58
150            android:value="@integer/google_play_services_version" />
150-->[com.google.android.gms:play-services-basement:17.0.0] AndroidManifest.xml:25:13-66
151    </application>
152
153</manifest>